<?xml version="1.0" encoding="UTF-8"?>
<testsuite name="gradle_1.AppTest" tests="1" skipped="0" failures="0" errors="0" timestamp="2023-07-18T17:36:23" hostname="DESKTOP-MM7HOHE" time="0.003">
  <properties/>
  <testcase name="appHasAGreeting" classname="gradle_1.AppTest" time="0.003"/>
  <system-out><![CDATA[]]></system-out>
  <system-err><![CDATA[]]></system-err>
</testsuite>
